SQL> @maintain.sql

TABLESPACE_NAME                STATUS    CONTENTS
------------------------------ --------- ---------
SYSTEM                         ONLINE    PERMANENT
SYSAUX                         ONLINE    PERMANENT
UNDO_T1                        ONLINE    UNDO
TEMP                           ONLINE    TEMPORARY
USERS                          ONLINE    PERMANENT
RDSADMIN                       ONLINE    PERMANENT
APPLICATIONDATA                ONLINE    PERMANENT
INDEXDATA                      ONLINE    PERMANENT

8 rows selected.


TABLESPACE_NAME                FREE_SPACE_MB LARGEST_FREE_CHUNCK_MB
------------------------------ ------------- ----------------------
SYSAUX                                99.375                 99.375
APPLICATIONDATA                     956.0625               956.0625
INDEXDATA                           956.0625               956.0625
USERS                                93.9375                93.9375
SYSTEM                                28.625                     28
RDSADMIN                                .625                   .625
UNDO_T1                               2.4375                      1

7 rows selected.


TABLESPACE_NAME                SIZE_IN_MB
------------------------------ ----------
SYSAUX                                400
APPLICATIONDATA                      1024
INDEXDATA                            1024
USERS                                 100
RDSADMIN                                7
SYSTEM                                400
UNDO_T1                               290

7 rows selected.


TABLESPACE_NAME                SIZE_IN_MB
------------------------------ ----------
TEMP                                  100


TABLESPACE_NAME
------------------------------
FILE_NAME
--------------------------------------------------------------------------------
APPLICATIONDATA
/rdsdbdata/db/CS67DEMO_A/datafile/o1_mf_applicat_jsp1w6lk_.dbf

INDEXDATA
/rdsdbdata/db/CS67DEMO_A/datafile/o1_mf_indexdat_jsp1xo2g_.dbf

RDSADMIN
/rdsdbdata/db/CS67DEMO_A/datafile/o1_mf_rdsadmin_g42nvos8_.dbf


TABLESPACE_NAME
------------------------------
FILE_NAME
--------------------------------------------------------------------------------
SYSAUX
/rdsdbdata/db/CS67DEMO_A/datafile/o1_mf_sysaux_g42mrn9z_.dbf

SYSTEM
/rdsdbdata/db/CS67DEMO_A/datafile/o1_mf_system_g42mr8t8_.dbf

TEMP
/rdsdbdata/db/CS67DEMO_A/datafile/o1_mf_temp_jsovtcyb_.tmp


TABLESPACE_NAME
------------------------------
FILE_NAME
--------------------------------------------------------------------------------
UNDO_T1
/rdsdbdata/db/CS67DEMO_A/datafile/o1_mf_undo_t1_g42mrxx5_.dbf

USERS
/rdsdbdata/db/CS67DEMO_A/datafile/o1_mf_users_g42ms0q5_.dbf


8 rows selected.


    GROUP# TYPE
---------- -------
MEMBER
--------------------------------------------------------------------------------
         4 ONLINE
/rdsdbdata/db/CS67DEMO_A/onlinelog/o1_mf_4_jsovmcn8_.log

         3 ONLINE
/rdsdbdata/db/CS67DEMO_A/onlinelog/o1_mf_3_jsovmbox_.log

         2 ONLINE
/rdsdbdata/db/CS67DEMO_A/onlinelog/o1_mf_2_jsovmb59_.log


    GROUP# TYPE
---------- -------
MEMBER
--------------------------------------------------------------------------------
         1 ONLINE
/rdsdbdata/db/CS67DEMO_A/onlinelog/o1_mf_1_jsovm9mk_.log



no rows selected


OWNER
--------------------------------------------------------------------------------
SEGMENT_TYPE
------------------
SEGMENT_NAME
--------------------------------------------------------------------------------
 SIZE (GB)
----------
SYS
TYPE2 UNDO
_SYSSMU10_1547971444$
 .16796875


OWNER
--------------------------------------------------------------------------------
SEGMENT_TYPE
------------------
SEGMENT_NAME
--------------------------------------------------------------------------------
 SIZE (GB)
----------
SYS
TABLE
IDL_UB1$
 .04296875


OWNER
--------------------------------------------------------------------------------
SEGMENT_TYPE
------------------
SEGMENT_NAME
--------------------------------------------------------------------------------
 SIZE (GB)
----------
SYS
LOBSEGMENT
SYS_LOB0000006420C00005$$
 .04119873


OWNER
--------------------------------------------------------------------------------
SEGMENT_TYPE
------------------
SEGMENT_NAME
--------------------------------------------------------------------------------
 SIZE (GB)
----------
SYS
TABLE
SOURCE$
.025390625


OWNER
--------------------------------------------------------------------------------
SEGMENT_TYPE
------------------
SEGMENT_NAME
--------------------------------------------------------------------------------
 SIZE (GB)
----------
SYS
CLUSTER
C_TOID_VERSION#
.021484375


OWNER
--------------------------------------------------------------------------------
SEGMENT_TYPE
------------------
SEGMENT_NAME
--------------------------------------------------------------------------------
 SIZE (GB)
----------
SYS
TABLE
IDL_UB2$
 .01953125


OWNER
--------------------------------------------------------------------------------
SEGMENT_TYPE
------------------
SEGMENT_NAME
--------------------------------------------------------------------------------
 SIZE (GB)
----------
SYS
TYPE2 UNDO
_SYSSMU9_2807476626$
.016601563


OWNER
--------------------------------------------------------------------------------
SEGMENT_TYPE
------------------
SEGMENT_NAME
--------------------------------------------------------------------------------
 SIZE (GB)
----------
SYS
TYPE2 UNDO
_SYSSMU1_1995262620$
   .015625


OWNER
--------------------------------------------------------------------------------
SEGMENT_TYPE
------------------
SEGMENT_NAME
--------------------------------------------------------------------------------
 SIZE (GB)
----------
SYS
TYPE2 UNDO
_SYSSMU5_696495423$
.015014648


OWNER
--------------------------------------------------------------------------------
SEGMENT_TYPE
------------------
SEGMENT_NAME
--------------------------------------------------------------------------------
 SIZE (GB)
----------
SYS
TYPE2 UNDO
_SYSSMU2_1785392945$
.012023926


10 rows selected.


SPID                     ADDR             USERNAME
------------------------ ---------------- ---------------
                         0000000083149800
7611                     000000008314A5E0 rdsdb
7613                     000000008314B3C0 rdsdb
7616                     000000008314C1A0 rdsdb
7620                     000000008314CF80 rdsdb
7622                     000000008314DD60 rdsdb
7746                     000000008314EB40 rdsdb
7626                     000000008314F920 rdsdb
7628                     0000000083150700 rdsdb
7630                     00000000831514E0 rdsdb
7632                     00000000831522C0 rdsdb

SPID                     ADDR             USERNAME
------------------------ ---------------- ---------------
7634                     00000000831530A0 rdsdb
7636                     0000000083153E80 rdsdb
7638                     0000000083154C60 rdsdb
7640                     0000000083155A40 rdsdb
7642                     0000000083156820 rdsdb
7644                     0000000083157600 rdsdb
7646                     00000000831583E0 rdsdb
7649                     00000000831591C0 rdsdb
7651                     0000000083159FA0 rdsdb
7653                     000000008315AD80 rdsdb
7655                     000000008315BB60 rdsdb

SPID                     ADDR             USERNAME
------------------------ ---------------- ---------------
7863                     000000008315C940 rdsdb
7748                     000000008315D720 rdsdb
7750                     000000008315E500 rdsdb
26074                    000000008315F2E0 rdsdb
27937                    00000000831600C0 rdsdb
7757                     0000000083160EA0 rdsdb
17823                    0000000083161C80 rdsdb
7761                     0000000083162A60 rdsdb
7867                     0000000083163840 rdsdb
7869                     0000000083164620 rdsdb
9656                     0000000083165400 rdsdb

SPID                     ADDR             USERNAME
------------------------ ---------------- ---------------
27764                    00000000831661E0 rdsdb
28233                    0000000083166FC0 rdsdb

35 rows selected.


SADDR                   SID USERNAME                          COMMAND
---------------- ---------- ------------------------------ ----------
0000000083242760          1                                         0
0000000083240690          2                                         0
000000008323E5C0          3                                         0
000000008323C4F0          4                                         0
000000008323A420          5                                         0
0000000083238350          6                                         0
0000000083236280          7                                         0
00000000832341B0          8                                         0
00000000832320E0          9                                         0
0000000083230010         10                                         0
000000008322DF40         11                                         0

SADDR                   SID USERNAME                          COMMAND
---------------- ---------- ------------------------------ ----------
000000008322BE70         12                                         0
0000000083227CD0         14 ADMIN                                   3
0000000083225C00         15                                         0
0000000083223B30         16                                         0
000000008321F990         18                                         0
000000008320D240         27                                         0
00000000832D4110         72                                         0
00000000832D2040         73                                         0
00000000832CFF70         74                                         0
00000000832CDEA0         75                                         0
00000000832CBDD0         76                                         0

SADDR                   SID USERNAME                          COMMAND
---------------- ---------- ------------------------------ ----------
00000000832C9D00         77                                         0
00000000832C7C30         78                                         0
00000000832C5B60         79                                         0
00000000832C3A90         80                                         0
00000000832C19C0         81                                         0
00000000832BF8F0         82                                         0
00000000832B9680         85                                         0
00000000832B75B0         86                                         0
00000000832B1340         89                                         0
00000000832AD1A0         91                                         0
00000000832A9000         93                                         0

SADDR                   SID USERNAME                          COMMAND
---------------- ---------- ------------------------------ ----------
00000000832A2D90         96 RDSADMIN                                0

34 rows selected.


OWNER
--------------------------------------------------------------------------------
  COUNT(*)
----------
OUTLN
         9

CTXSYS
       109

SYSTEM
       452


OWNER
--------------------------------------------------------------------------------
  COUNT(*)
----------
RDSADMIN
         5

DBSNMP
        24

GSMADMIN_INTERNAL
        39


OWNER
--------------------------------------------------------------------------------
  COUNT(*)
----------
APPQOSSYS
         4

XDB
       716

SYS
      4509


9 rows selected.


TABLESPACE_NAME                  COUNT(*)
------------------------------ ----------
RDSADMIN                                5
SYSAUX                               2416
SYSTEM                               3091
UNDO_T1                               355


Total System Global Area  599785472 bytes
Fixed Size                  2927192 bytes
Variable Size             394266024 bytes
Database Buffers          197132288 bytes
Redo Buffers                5459968 bytes

NAME                                 TYPE        VALUE
------------------------------------ ----------- ------------------------------
memory_target                        big integer 572M
SQL> spool demo.out
SQL> @maintain.sql

TABLESPACE_NAME                STATUS    CONTENTS
------------------------------ --------- ---------
SYSTEM                         ONLINE    PERMANENT
SYSAUX                         ONLINE    PERMANENT
UNDO_T1                        ONLINE    UNDO
TEMP                           ONLINE    TEMPORARY
USERS                          ONLINE    PERMANENT
RDSADMIN                       ONLINE    PERMANENT
APPLICATIONDATA                ONLINE    PERMANENT
INDEXDATA                      ONLINE    PERMANENT

8 rows selected.


TABLESPACE_NAME                FREE_SPACE_MB LARGEST_FREE_CHUNCK_MB
------------------------------ ------------- ----------------------
SYSAUX                                99.375                 99.375
APPLICATIONDATA                     956.0625               956.0625
INDEXDATA                           956.0625               956.0625
USERS                                93.9375                93.9375
SYSTEM                                28.625                     28
RDSADMIN                                .625                   .625
UNDO_T1                               2.4375                      1

7 rows selected.


TABLESPACE_NAME                SIZE_IN_MB
------------------------------ ----------
SYSAUX                                400
APPLICATIONDATA                      1024
INDEXDATA                            1024
USERS                                 100
RDSADMIN                                7
SYSTEM                                400
UNDO_T1                               290

7 rows selected.


TABLESPACE_NAME                SIZE_IN_MB
------------------------------ ----------
TEMP                                  100


TABLESPACE_NAME
------------------------------
FILE_NAME
--------------------------------------------------------------------------------
APPLICATIONDATA
/rdsdbdata/db/CS67DEMO_A/datafile/o1_mf_applicat_jsp1w6lk_.dbf

INDEXDATA
/rdsdbdata/db/CS67DEMO_A/datafile/o1_mf_indexdat_jsp1xo2g_.dbf

RDSADMIN
/rdsdbdata/db/CS67DEMO_A/datafile/o1_mf_rdsadmin_g42nvos8_.dbf


TABLESPACE_NAME
------------------------------
FILE_NAME
--------------------------------------------------------------------------------
SYSAUX
/rdsdbdata/db/CS67DEMO_A/datafile/o1_mf_sysaux_g42mrn9z_.dbf

SYSTEM
/rdsdbdata/db/CS67DEMO_A/datafile/o1_mf_system_g42mr8t8_.dbf

TEMP
/rdsdbdata/db/CS67DEMO_A/datafile/o1_mf_temp_jsovtcyb_.tmp


TABLESPACE_NAME
------------------------------
FILE_NAME
--------------------------------------------------------------------------------
UNDO_T1
/rdsdbdata/db/CS67DEMO_A/datafile/o1_mf_undo_t1_g42mrxx5_.dbf

USERS
/rdsdbdata/db/CS67DEMO_A/datafile/o1_mf_users_g42ms0q5_.dbf


8 rows selected.


    GROUP# TYPE
---------- -------
MEMBER
--------------------------------------------------------------------------------
         4 ONLINE
/rdsdbdata/db/CS67DEMO_A/onlinelog/o1_mf_4_jsovmcn8_.log

         3 ONLINE
/rdsdbdata/db/CS67DEMO_A/onlinelog/o1_mf_3_jsovmbox_.log

         2 ONLINE
/rdsdbdata/db/CS67DEMO_A/onlinelog/o1_mf_2_jsovmb59_.log


    GROUP# TYPE
---------- -------
MEMBER
--------------------------------------------------------------------------------
         1 ONLINE
/rdsdbdata/db/CS67DEMO_A/onlinelog/o1_mf_1_jsovm9mk_.log



no rows selected


OWNER
--------------------------------------------------------------------------------
SEGMENT_TYPE
------------------
SEGMENT_NAME
--------------------------------------------------------------------------------
 SIZE (GB)
----------
SYS
TYPE2 UNDO
_SYSSMU10_1547971444$
 .16796875


OWNER
--------------------------------------------------------------------------------
SEGMENT_TYPE
------------------
SEGMENT_NAME
--------------------------------------------------------------------------------
 SIZE (GB)
----------
SYS
TABLE
IDL_UB1$
 .04296875


OWNER
--------------------------------------------------------------------------------
SEGMENT_TYPE
------------------
SEGMENT_NAME
--------------------------------------------------------------------------------
 SIZE (GB)
----------
SYS
LOBSEGMENT
SYS_LOB0000006420C00005$$
 .04119873


OWNER
--------------------------------------------------------------------------------
SEGMENT_TYPE
------------------
SEGMENT_NAME
--------------------------------------------------------------------------------
 SIZE (GB)
----------
SYS
TABLE
SOURCE$
.025390625


OWNER
--------------------------------------------------------------------------------
SEGMENT_TYPE
------------------
SEGMENT_NAME
--------------------------------------------------------------------------------
 SIZE (GB)
----------
SYS
CLUSTER
C_TOID_VERSION#
.021484375


OWNER
--------------------------------------------------------------------------------
SEGMENT_TYPE
------------------
SEGMENT_NAME
--------------------------------------------------------------------------------
 SIZE (GB)
----------
SYS
TABLE
IDL_UB2$
 .01953125


OWNER
--------------------------------------------------------------------------------
SEGMENT_TYPE
------------------
SEGMENT_NAME
--------------------------------------------------------------------------------
 SIZE (GB)
----------
SYS
TYPE2 UNDO
_SYSSMU9_2807476626$
.016601563


OWNER
--------------------------------------------------------------------------------
SEGMENT_TYPE
------------------
SEGMENT_NAME
--------------------------------------------------------------------------------
 SIZE (GB)
----------
SYS
TYPE2 UNDO
_SYSSMU1_1995262620$
   .015625


OWNER
--------------------------------------------------------------------------------
SEGMENT_TYPE
------------------
SEGMENT_NAME
--------------------------------------------------------------------------------
 SIZE (GB)
----------
SYS
TYPE2 UNDO
_SYSSMU5_696495423$
.015014648


OWNER
--------------------------------------------------------------------------------
SEGMENT_TYPE
------------------
SEGMENT_NAME
--------------------------------------------------------------------------------
 SIZE (GB)
----------
SYS
TYPE2 UNDO
_SYSSMU2_1785392945$
.012023926


10 rows selected.


SPID                     ADDR             USERNAME
------------------------ ---------------- ---------------
                         0000000083149800
7611                     000000008314A5E0 rdsdb
7613                     000000008314B3C0 rdsdb
7616                     000000008314C1A0 rdsdb
7620                     000000008314CF80 rdsdb
7622                     000000008314DD60 rdsdb
7746                     000000008314EB40 rdsdb
7626                     000000008314F920 rdsdb
7628                     0000000083150700 rdsdb
7630                     00000000831514E0 rdsdb
7632                     00000000831522C0 rdsdb

SPID                     ADDR             USERNAME
------------------------ ---------------- ---------------
7634                     00000000831530A0 rdsdb
7636                     0000000083153E80 rdsdb
7638                     0000000083154C60 rdsdb
7640                     0000000083155A40 rdsdb
7642                     0000000083156820 rdsdb
7644                     0000000083157600 rdsdb
7646                     00000000831583E0 rdsdb
7649                     00000000831591C0 rdsdb
7651                     0000000083159FA0 rdsdb
7653                     000000008315AD80 rdsdb
7655                     000000008315BB60 rdsdb

SPID                     ADDR             USERNAME
------------------------ ---------------- ---------------
7863                     000000008315C940 rdsdb
7748                     000000008315D720 rdsdb
7750                     000000008315E500 rdsdb
26074                    000000008315F2E0 rdsdb
27937                    00000000831600C0 rdsdb
7757                     0000000083160EA0 rdsdb
17823                    0000000083161C80 rdsdb
7761                     0000000083162A60 rdsdb
7867                     0000000083163840 rdsdb
7869                     0000000083164620 rdsdb
9656                     0000000083165400 rdsdb

SPID                     ADDR             USERNAME
------------------------ ---------------- ---------------
27764                    00000000831661E0 rdsdb

34 rows selected.


SADDR                   SID USERNAME                          COMMAND
---------------- ---------- ------------------------------ ----------
0000000083242760          1                                         0
0000000083240690          2                                         0
000000008323E5C0          3                                         0
000000008323C4F0          4                                         0
000000008323A420          5                                         0
0000000083238350          6                                         0
0000000083236280          7                                         0
00000000832341B0          8                                         0
00000000832320E0          9                                         0
0000000083230010         10                                         0
000000008322DF40         11                                         0

SADDR                   SID USERNAME                          COMMAND
---------------- ---------- ------------------------------ ----------
000000008322BE70         12                                         0
0000000083227CD0         14 ADMIN                                   3
0000000083225C00         15                                         0
0000000083223B30         16                                         0
000000008321F990         18                                         0
000000008320D240         27                                         0
00000000832D4110         72                                         0
00000000832D2040         73                                         0
00000000832CFF70         74                                         0
00000000832CDEA0         75                                         0
00000000832CBDD0         76                                         0

SADDR                   SID USERNAME                          COMMAND
---------------- ---------- ------------------------------ ----------
00000000832C9D00         77                                         0
00000000832C7C30         78                                         0
00000000832C5B60         79                                         0
00000000832C3A90         80                                         0
00000000832C19C0         81                                         0
00000000832BF8F0         82                                         0
00000000832B9680         85                                         0
00000000832B1340         89                                         0
00000000832AD1A0         91                                         0
00000000832A9000         93                                         0
00000000832A2D90         96 RDSADMIN                                0

33 rows selected.


OWNER
--------------------------------------------------------------------------------
  COUNT(*)
----------
OUTLN
         9

CTXSYS
       109

SYSTEM
       452


OWNER
--------------------------------------------------------------------------------
  COUNT(*)
----------
RDSADMIN
         5

DBSNMP
        24

GSMADMIN_INTERNAL
        39


OWNER
--------------------------------------------------------------------------------
  COUNT(*)
----------
APPQOSSYS
         4

XDB
       716

SYS
      4509


9 rows selected.


TABLESPACE_NAME                  COUNT(*)
------------------------------ ----------
RDSADMIN                                5
SYSAUX                               2416
SYSTEM                               3091
UNDO_T1                               355


Total System Global Area  599785472 bytes
Fixed Size                  2927192 bytes
Variable Size             394266024 bytes
Database Buffers          197132288 bytes
Redo Buffers                5459968 bytes

NAME                                 TYPE        VALUE
------------------------------------ ----------- ------------------------------
memory_target                        big integer 572M
